[0.572s] Invoking command in '/home/kitsune/ros2_ws/src/mypkg': PYTHONPATH=/home/kitsune/ros2_ws/src/mypkg/build/mypkg/prefix_override:/home/kitsune/ros2_ws/src/mypkg/install/mypkg/lib/python3.10/site-packages:${PYTHONPATH} /usr/bin/python3 setup.py egg_info --egg-base build/mypkg build --build-base /home/kitsune/ros2_ws/src/mypkg/build/mypkg/build install --record /home/kitsune/ros2_ws/src/mypkg/build/mypkg/install.log --single-version-externally-managed
[0.737s] running egg_info
[0.738s] creating build/mypkg/mypkg.egg-info
[0.738s] writing build/mypkg/mypkg.egg-info/PKG-INFO
[0.739s] writing dependency_links to build/mypkg/mypkg.egg-info/dependency_links.txt
[0.739s] writing entry points to build/mypkg/mypkg.egg-info/entry_points.txt
[0.739s] writing requirements to build/mypkg/mypkg.egg-info/requires.txt
[0.739s] writing top-level names to build/mypkg/mypkg.egg-info/top_level.txt
[0.740s] writing manifest file 'build/mypkg/mypkg.egg-info/SOURCES.txt'
[0.741s] reading manifest file 'build/mypkg/mypkg.egg-info/SOURCES.txt'
[0.742s] writing manifest file 'build/mypkg/mypkg.egg-info/SOURCES.txt'
[0.743s] running build
[0.743s] running build_py
[0.743s] creating /home/kitsune/ros2_ws/src/mypkg/build/mypkg/build
[0.743s] creating /home/kitsune/ros2_ws/src/mypkg/build/mypkg/build/lib
[0.743s] creating /home/kitsune/ros2_ws/src/mypkg/build/mypkg/build/lib/mypkg
[0.744s] copying mypkg/listener.py -> /home/kitsune/ros2_ws/src/mypkg/build/mypkg/build/lib/mypkg
[0.744s] copying mypkg/talker.py -> /home/kitsune/ros2_ws/src/mypkg/build/mypkg/build/lib/mypkg
[0.744s] copying mypkg/__init__.py -> /home/kitsune/ros2_ws/src/mypkg/build/mypkg/build/lib/mypkg
[0.744s] /usr/lib/python3/dist-packages/setuptools/command/install.py:34: SetuptoolsDeprecationWarning: setup.py install is deprecated. Use build and pip and other standards-based tools.
[0.744s]   warnings.warn(
[0.744s] running install
[0.745s] running install_lib
[0.745s] creating /home/kitsune/ros2_ws/src/mypkg/install/mypkg/lib/python3.10/site-packages/mypkg
[0.745s] copying /home/kitsune/ros2_ws/src/mypkg/build/mypkg/build/lib/mypkg/listener.py -> /home/kitsune/ros2_ws/src/mypkg/install/mypkg/lib/python3.10/site-packages/mypkg
[0.746s] copying /home/kitsune/ros2_ws/src/mypkg/build/mypkg/build/lib/mypkg/talker.py -> /home/kitsune/ros2_ws/src/mypkg/install/mypkg/lib/python3.10/site-packages/mypkg
[0.746s] copying /home/kitsune/ros2_ws/src/mypkg/build/mypkg/build/lib/mypkg/__init__.py -> /home/kitsune/ros2_ws/src/mypkg/install/mypkg/lib/python3.10/site-packages/mypkg
[0.746s] byte-compiling /home/kitsune/ros2_ws/src/mypkg/install/mypkg/lib/python3.10/site-packages/mypkg/listener.py to listener.cpython-310.pyc
[0.746s] byte-compiling /home/kitsune/ros2_ws/src/mypkg/install/mypkg/lib/python3.10/site-packages/mypkg/talker.py to talker.cpython-310.pyc
[0.747s] byte-compiling /home/kitsune/ros2_ws/src/mypkg/install/mypkg/lib/python3.10/site-packages/mypkg/__init__.py to __init__.cpython-310.pyc
[0.747s] running install_data
[0.748s] creating /home/kitsune/ros2_ws/src/mypkg/install/mypkg/share/ament_index
[0.748s] creating /home/kitsune/ros2_ws/src/mypkg/install/mypkg/share/ament_index/resource_index
[0.749s] creating /home/kitsune/ros2_ws/src/mypkg/install/mypkg/share/ament_index/resource_index/packages
[0.749s] copying resource/mypkg -> /home/kitsune/ros2_ws/src/mypkg/install/mypkg/share/ament_index/resource_index/packages
[0.749s] copying package.xml -> /home/kitsune/ros2_ws/src/mypkg/install/mypkg/share/mypkg
[0.749s] copying launch/talk_listen.launch.py -> /home/kitsune/ros2_ws/src/mypkg/install/mypkg/share/mypkg
[0.749s] running install_egg_info
[0.750s] Copying build/mypkg/mypkg.egg-info to /home/kitsune/ros2_ws/src/mypkg/install/mypkg/lib/python3.10/site-packages/mypkg-0.0.0-py3.10.egg-info
[0.751s] running install_scripts
[0.768s] Installing listener script to /home/kitsune/ros2_ws/src/mypkg/install/mypkg/lib/mypkg
[0.768s] Installing talker script to /home/kitsune/ros2_ws/src/mypkg/install/mypkg/lib/mypkg
[0.768s] writing list of installed files to '/home/kitsune/ros2_ws/src/mypkg/build/mypkg/install.log'
[0.787s] Invoked command in '/home/kitsune/ros2_ws/src/mypkg' returned '0': PYTHONPATH=/home/kitsune/ros2_ws/src/mypkg/build/mypkg/prefix_override:/home/kitsune/ros2_ws/src/mypkg/install/mypkg/lib/python3.10/site-packages:${PYTHONPATH} /usr/bin/python3 setup.py egg_info --egg-base build/mypkg build --build-base /home/kitsune/ros2_ws/src/mypkg/build/mypkg/build install --record /home/kitsune/ros2_ws/src/mypkg/build/mypkg/install.log --single-version-externally-managed
