[0.614s] Invoking command in '/home/kitsune/ros2_ws/src/mypkg': PYTHONPATH=/home/kitsune/ros2_ws/src/mypkg/build/mypkg/prefix_override:/home/kitsune/ros2_ws/src/mypkg/install/mypkg/lib/python3.10/site-packages:${PYTHONPATH} /usr/bin/python3 setup.py egg_info --egg-base build/mypkg build --build-base /home/kitsune/ros2_ws/src/mypkg/build/mypkg/build install --record /home/kitsune/ros2_ws/src/mypkg/build/mypkg/install.log --single-version-externally-managed
[0.778s] running egg_info
[0.779s] writing build/mypkg/mypkg.egg-info/PKG-INFO
[0.779s] writing dependency_links to build/mypkg/mypkg.egg-info/dependency_links.txt
[0.780s] writing entry points to build/mypkg/mypkg.egg-info/entry_points.txt
[0.780s] writing requirements to build/mypkg/mypkg.egg-info/requires.txt
[0.781s] writing top-level names to build/mypkg/mypkg.egg-info/top_level.txt
[0.784s] reading manifest file 'build/mypkg/mypkg.egg-info/SOURCES.txt'
[0.784s] writing manifest file 'build/mypkg/mypkg.egg-info/SOURCES.txt'
[0.785s] running build
[0.785s] running build_py
[0.785s] running install
[0.786s] /usr/lib/python3/dist-packages/setuptools/command/install.py:34: SetuptoolsDeprecationWarning: setup.py install is deprecated. Use build and pip and other standards-based tools.
[0.786s]   warnings.warn(
[0.786s] running install_lib
[0.787s] running install_data
[0.787s] copying package.xml -> /home/kitsune/ros2_ws/src/mypkg/install/mypkg/share/mypkg
[0.787s] copying launch/talk_listen.launch.py -> /home/kitsune/ros2_ws/src/mypkg/install/mypkg/share/mypkg
[0.788s] running install_egg_info
[0.789s] removing '/home/kitsune/ros2_ws/src/mypkg/install/mypkg/lib/python3.10/site-packages/mypkg-0.0.0-py3.10.egg-info' (and everything under it)
[0.790s] Copying build/mypkg/mypkg.egg-info to /home/kitsune/ros2_ws/src/mypkg/install/mypkg/lib/python3.10/site-packages/mypkg-0.0.0-py3.10.egg-info
[0.790s] running install_scripts
[0.807s] Installing listener script to /home/kitsune/ros2_ws/src/mypkg/install/mypkg/lib/mypkg
[0.808s] Installing talker script to /home/kitsune/ros2_ws/src/mypkg/install/mypkg/lib/mypkg
[0.808s] writing list of installed files to '/home/kitsune/ros2_ws/src/mypkg/build/mypkg/install.log'
[0.827s] Invoked command in '/home/kitsune/ros2_ws/src/mypkg' returned '0': PYTHONPATH=/home/kitsune/ros2_ws/src/mypkg/build/mypkg/prefix_override:/home/kitsune/ros2_ws/src/mypkg/install/mypkg/lib/python3.10/site-packages:${PYTHONPATH} /usr/bin/python3 setup.py egg_info --egg-base build/mypkg build --build-base /home/kitsune/ros2_ws/src/mypkg/build/mypkg/build install --record /home/kitsune/ros2_ws/src/mypkg/build/mypkg/install.log --single-version-externally-managed
