[0.630s] Invoking command in '/home/kitsune/ros2_ws/src/mypkg': PYTHONPATH=/home/kitsune/ros2_ws/src/mypkg/build/mypkg/prefix_override:/home/kitsune/ros2_ws/src/mypkg/install/mypkg/lib/python3.10/site-packages:${PYTHONPATH} /usr/bin/python3 setup.py egg_info --egg-base build/mypkg build --build-base /home/kitsune/ros2_ws/src/mypkg/build/mypkg/build install --record /home/kitsune/ros2_ws/src/mypkg/build/mypkg/install.log --single-version-externally-managed
[0.822s] running egg_info
[0.823s] writing build/mypkg/mypkg.egg-info/PKG-INFO
[0.823s] writing dependency_links to build/mypkg/mypkg.egg-info/dependency_links.txt
[0.823s] writing entry points to build/mypkg/mypkg.egg-info/entry_points.txt
[0.824s] writing requirements to build/mypkg/mypkg.egg-info/requires.txt
[0.824s] writing top-level names to build/mypkg/mypkg.egg-info/top_level.txt
[0.825s] reading manifest file 'build/mypkg/mypkg.egg-info/SOURCES.txt'
[0.826s] writing manifest file 'build/mypkg/mypkg.egg-info/SOURCES.txt'
[0.826s] running build
[0.826s] running build_py
[0.826s] running install
[0.826s] /usr/lib/python3/dist-packages/setuptools/command/install.py:34: SetuptoolsDeprecationWarning: setup.py install is deprecated. Use build and pip and other standards-based tools.
[0.826s]   warnings.warn(
[0.827s] running install_lib
[0.828s] running install_data
[0.828s] running install_egg_info
[0.829s] removing '/home/kitsune/ros2_ws/src/mypkg/install/mypkg/lib/python3.10/site-packages/mypkg-0.0.0-py3.10.egg-info' (and everything under it)
[0.829s] Copying build/mypkg/mypkg.egg-info to /home/kitsune/ros2_ws/src/mypkg/install/mypkg/lib/python3.10/site-packages/mypkg-0.0.0-py3.10.egg-info
[0.830s] running install_scripts
[0.848s] Installing listener script to /home/kitsune/ros2_ws/src/mypkg/install/mypkg/lib/mypkg
[0.849s] Installing talker script to /home/kitsune/ros2_ws/src/mypkg/install/mypkg/lib/mypkg
[0.849s] writing list of installed files to '/home/kitsune/ros2_ws/src/mypkg/build/mypkg/install.log'
[0.871s] Invoked command in '/home/kitsune/ros2_ws/src/mypkg' returned '0': PYTHONPATH=/home/kitsune/ros2_ws/src/mypkg/build/mypkg/prefix_override:/home/kitsune/ros2_ws/src/mypkg/install/mypkg/lib/python3.10/site-packages:${PYTHONPATH} /usr/bin/python3 setup.py egg_info --egg-base build/mypkg build --build-base /home/kitsune/ros2_ws/src/mypkg/build/mypkg/build install --record /home/kitsune/ros2_ws/src/mypkg/build/mypkg/install.log --single-version-externally-managed
